Fri May 29 02:21:52 AST 2015	Running. Batch: session.bio. Passwd: alex.bio
157	194	168	98	86	186	444	143	49	55	100	80	74	64	22	69	75	125	51	37	47	
140	206	167	96	99	198	419	121	35	64	95	81	75	81	89	97	69	105	59	44	47	
181	195	151	121	54	187	408	66	122	46	117	92	72	80	11	106	66	42	36	56	28	
162	181	165	121	63	192	403	118	85	36	92	100	78	78	13	100	74	114	31	50	30	
179	184	145	104	69	189	375	110	102	33	87	88	75	78	22	75	61	106	28	47	33	
165	192	156	105	98	184	387	106	105	27	89	86	78	84	91	95	69	94	23	34	44	
153	187	145	121	90	203	432	68	116	69	80	81	66	86	83	103	86	34	45	51	47	
151	175	160	87	74	176	403	95	108	30	89	86	78	78	67	97	69	91	26	36	44	
181	186	154	129	96	198	375	116	141	21	97	81	76	86	86	111	52	28	17	59	52	
162	183	157	117	93	203	398	129	116	52	94	77	61	72	83	103	70	125	28	53	50	
151	183	170	85	96	200	411	152	57	80	83	83	73	73	86	92	70	131	56	62	30	
173	173	162	101	66	192	430	162	66	124	108	80	75	80	61	94	74	119	28	14	97	
115	195	162	77	65	195	381	126	133	27	86	97	72	72	26	69	72	108	23	39	55	
131	192	154	107	57	215	373	112	135	28	83	86	73	86	23	99	66	108	22	42	45	
148	170	159	79	63	190	372	108	79	56	86	80	75	75	11	95	77	11	51	28	60	
143	178	154	88	43	209	364	96	85	58	95	83	75	78	20	91	69	9	43	42	39	
104	203	163	132	4	251	406	118	99	47	86	95	82	67	26	135	86	108	42	53	47	
154	178	154	115	51	198	390	131	77	63	111	94	67	75	14	108	78	116	39	45	25	
162	211	157	93	71	200	354	123	102	36	97	97	81	77	11	97	69	119	20	47	36	
175	165	150	80	43	195	381	135	49	91	91	78	69	56	20	99	72	116	56	53	25	
140	162	157	134	88	201	328	127	43	78	94	86	94	77	28	88	61	120	59	50	25	
129	171	151	68	88	185	342	102	44	88	95	95	80	64	28	75	69	11	67	43	41	
115	173	154	68	77	198	405	132	27	103	84	89	72	58	25	72	60	117	81	56	27	
176	178	154	107	82	173	362	123	102	203	111	67	81	58	14	80	72	113	31	63	100	
189	181	176	112	80	195	414	137	166	266	105	89	89	56	25	89	78	133	162	116	78	
67	4	60	56	11	42	53	
159	189	156	88	97	172	403	93	124	30	105	83	67	84	92	74	61	14	14	59	30	
154	178	146	96	60	187	376	109	66	53	97	94	84	83	25	81	72	12	48	50	33	
170	173	159	93	69	197	398	140	63	38	111	92	78	70	19	75	58	119	34	48	36	
162	181	157	107	76	190	406	5	85	159	85	106	72	81	77	25	70	61	75	8	119	57	52	
143	178	156	91	77	192	400	93	68	69	92	69	75	75	19	83	55	14	51	51	41	
132	195	139	107	63	189	390	115	110	52	86	75	69	73	20	77	70	8	28	59	36	
140	184	159	109	80	189	406	151	35	89	100	72	75	64	11	86	64	147	48	45	41	

--------------------
OK. CountInRange(9)
OK. CountInRange(16)
FAIL. CountInRange(0)
OK. CountInRange(4)
OK. CountInRange(14)
FAIL. CountInRange(0)
OK. CountInRange(9)
FAIL. CountInRange(0)
FAIL. CountInRange(0)
FAIL. CountInRange(0)
OK. CountInRange(15)
OK. CountInRange(17)
OK. CountInRange(17)
FAIL. CountInRange(0)
OK. CountInRange(4)
OK. CountInRange(16)
OK. CountInRange(17)
OK. CountInRange(23)
OK. CountInRange(13)
OK. CountInRange(20)
FAIL. CountInRange(0)
OK. CountInRange(13)
OK. CountInRange(13)
