Mon Apr 20 22:16:23 AST 2015	Running. Batch: batch_my_5.bio. Passwd: passwd.bio
Distance: 91.42149030118078
Distance: 113.83199120731494
Distance: 87.26715049522103
Distance: 93.31071154422138
Distance: 90.08175299261346
Distance: 93.53727717986142
Distance: 97.95945873449668
Distance: 86.87315145915017
Distance: 99.24688632115591
Distance: 94.21665339937404
Distance: 9.223372036854776E18
Distance: 84.63943131503977
Distance: 86.22934535295974
Distance: 93.49747471337275
Distance: 90.45594384990838
Distance: 102.44131111139794
Distance: 91.41359004242447
Distance: 83.88649739048857
Distance: 95.26629344456867
Distance: 83.63146669897775
Distance: 86.05392366288581
Distance: 105.5138221593108
Distance: 88.82223195174106
Distance: 88.79345571480918
Distance: 103.44080432788601
Distance: 93.32083249616765
Distance: 91.23413104023443
Distance: 96.51280859151403
Distance: 83.19955929370461
Distance: 97.72808080473993
Distance: 91.16590493283233
Distance: 101.60161853478955
Distance: 99.94693036251233
Distance: 98.04590761474954
Distance: 94.48662456783089
Distance: 106.2274812738106
Distance: 83.45724121435546
Distance: 81.33879763065103
Distance: 83.55337615361015
Distance: 82.29452526680551
Distance: 87.09222442649835
Distance: 96.97393693381973
Distance: 111.12155506471281
Distance: 92.80265800791126
Distance: 81.78970323674953
Distance: 79.55990056415216
FAIL. CountInRange(0)
Distance: 9.223372036854776E18
Distance: 9.223372036854776E18
Distance: 9.223372036854776E18
Distance: 9.223372036854776E18
Distance: 9.223372036854776E18
Distance: 9.223372036854776E18
Distance: 9.223372036854776E18
Distance: 9.223372036854776E18
Distance: 9.223372036854776E18
Distance: 9.223372036854776E18
Distance: 9.223372036854776E18
Distance: 9.223372036854776E18
Distance: 9.223372036854776E18
Distance: 9.223372036854776E18
Distance: 9.223372036854776E18
Distance: 9.223372036854776E18
Distance: 9.223372036854776E18
Distance: 9.223372036854776E18
Distance: 9.223372036854776E18
Distance: 9.223372036854776E18
Distance: 9.223372036854776E18
Distance: 9.223372036854776E18
Distance: 9.223372036854776E18
Distance: 9.223372036854776E18
Distance: 9.223372036854776E18
Distance: 9.223372036854776E18
Distance: 9.223372036854776E18
Distance: 9.223372036854776E18
Distance: 9.223372036854776E18
Distance: 9.223372036854776E18
Distance: 9.223372036854776E18
Distance: 9.223372036854776E18
Distance: 9.223372036854776E18
Distance: 9.223372036854776E18
Distance: 9.223372036854776E18
Distance: 9.223372036854776E18
Distance: 9.223372036854776E18
Distance: 9.223372036854776E18
Distance: 9.223372036854776E18
Distance: 9.223372036854776E18
Distance: 9.223372036854776E18
Distance: 9.223372036854776E18
Distance: 9.223372036854776E18
Distance: 9.223372036854776E18
Distance: 9.223372036854776E18
Distance: 9.223372036854776E18
FAIL. CountInRange(0)
Distance: 9.223372036854776E18
Distance: 9.223372036854776E18
Distance: 9.223372036854776E18
Distance: 9.223372036854776E18
Distance: 9.223372036854776E18
Distance: 9.223372036854776E18
Distance: 9.223372036854776E18
Distance: 9.223372036854776E18
Distance: 9.223372036854776E18
Distance: 9.223372036854776E18
Distance: 9.223372036854776E18
Distance: 9.223372036854776E18
Distance: 9.223372036854776E18
Distance: 9.223372036854776E18
Distance: 9.223372036854776E18
Distance: 9.223372036854776E18
Distance: 9.223372036854776E18
Distance: 9.223372036854776E18
Distance: 9.223372036854776E18
Distance: 9.223372036854776E18
Distance: 9.223372036854776E18
Distance: 9.223372036854776E18
Distance: 9.223372036854776E18
Distance: 9.223372036854776E18
Distance: 9.223372036854776E18
Distance: 9.223372036854776E18
Distance: 9.223372036854776E18
Distance: 9.223372036854776E18
Distance: 9.223372036854776E18
Distance: 9.223372036854776E18
Distance: 9.223372036854776E18
Distance: 9.223372036854776E18
Distance: 9.223372036854776E18
Distance: 9.223372036854776E18
Distance: 9.223372036854776E18
Distance: 9.223372036854776E18
Distance: 9.223372036854776E18
Distance: 9.223372036854776E18
Distance: 9.223372036854776E18
Distance: 9.223372036854776E18
Distance: 9.223372036854776E18
Distance: 9.223372036854776E18
Distance: 9.223372036854776E18
Distance: 9.223372036854776E18
Distance: 9.223372036854776E18
Distance: 9.223372036854776E18
FAIL. CountInRange(0)
Distance: 82.05418264103842
Distance: 92.49234202534464
Distance: 93.10567472859357
Distance: 99.4669124215016
Distance: 104.42674199861091
Distance: 91.55933109798866
Distance: 100.84448974094278
Distance: 100.75410110208364
Distance: 101.04536934796502
Distance: 103.04368005850723
Distance: 9.223372036854776E18
Distance: 99.6452039320843
Distance: 101.37800550415264
Distance: 115.26828608848913
Distance: 99.58776140782673
Distance: 126.30870472334396
Distance: 107.71773814516861
Distance: 120.24673707746827
Distance: 118.52519657111826
Distance: 94.2915101633699
Distance: 108.82376170263144
Distance: 84.36330165816572
Distance: 110.79936822924579
Distance: 97.76360377063759
Distance: 118.63904172835444
Distance: 116.81181447096866
Distance: 109.34501970063994
Distance: 123.12617737733743
Distance: 109.20851615144306
Distance: 120.31994385341481
Distance: 121.84735441435642
Distance: 116.52896635600953
Distance: 125.2155918583802
Distance: 130.67474464826358
Distance: 115.81138880860458
Distance: 117.08852301665704
Distance: 108.97451282040423
Distance: 110.94843647188344
Distance: 95.45825149130786
Distance: 108.6766355345578
Distance: 106.89532782638871
Distance: 99.57939322749239
Distance: 120.63489452798382
Distance: 105.73394283136645
Distance: 99.81482855768476
Distance: 115.11154011074072
FAIL. CountInRange(0)
Distance: 59.524038094799245
Distance: 88.89038193190532
Distance: 58.322856201969024
Distance: 72.96802952891996
Distance: 76.83640630152698
Distance: 72.92157126362238
Distance: 72.72207367780432
Distance: 66.69707639769528
Distance: 78.16897651171396
Distance: 66.67333300003332
Distance: 9.223372036854776E18
Distance: 61.8838517798554
Distance: 65.96253145199596
Distance: 84.14339612299418
Distance: 56.32988155105207
Distance: 93.65124428193978
Distance: 70.4793113852096
Distance: 85.51770446976333
Distance: 81.37157570880224
Distance: 61.146454426147145
Distance: 76.75321202109758
Distance: 79.07696672651694
Distance: 76.84074440035053
Distance: 61.42339402323299
Distance: 83.86563327397252
Distance: 83.63611660042568
Distance: 67.7421582177598
Distance: 83.68625268757641
Distance: 65.56125210654368
Distance: 79.60876556985139
Distance: 75.70630386199319
Distance: 76.01096412141257
Distance: 84.05851136757856
Distance: 90.69668620676772
Distance: 72.75873372546648
Distance: 79.34418693262916
Distance: 64.55402560818514
Distance: 71.10399269926955
Distance: 57.25430600012157
Distance: 77.05373305543203
Distance: 62.97221609567192
Distance: 61.989694484020674
Distance: 88.657267672262
Distance: 64.12054619577444
Distance: 71.06569730420811
Distance: 76.8721882954644
FAIL. CountInRange(0)
Distance: 100.13518640096277
Distance: 118.3713553938527
Distance: 107.20204185451777
Distance: 111.97048222138231
Distance: 116.28795676633455
Distance: 108.88347492209786
Distance: 120.02314591592555
Distance: 112.58873044058285
Distance: 119.86937334726777
Distance: 116.77827994394622
Distance: 9.223372036854776E18
Distance: 107.32091025414283
Distance: 110.23006244517268
Distance: 122.78368512686583
Distance: 110.72889816524362
Distance: 128.65954211708427
Distance: 119.33403165531246
Distance: 125.33244680537527
Distance: 126.88818349677449
Distance: 111.85531328958456
Distance: 116.56948333266493
Distance: 120.55611879028696
Distance: 123.66172496865077
Distance: 108.03703068855604
Distance: 127.38327990752948
Distance: 126.47199953612923
Distance: 117.48214994438754
Distance: 128.99870800386594
Distance: 113.96588183409202
Distance: 125.68766402829233
Distance: 127.96028029561883
Distance: 126.14651974765077
Distance: 131.7417507432207
Distance: 131.5233397115846
Distance: 123.20804447040878
Distance: 131.1678314221898
Distance: 113.56716074640592
Distance: 116.49201212481863
Distance: 105.26263450162277
Distance: 114.78966271693052
Distance: 113.03785010143973
Distance: 111.08005121432822
Distance: 128.70357847049596
Distance: 114.74585443976228
Distance: 111.43483397134949
Distance: 120.93685220900295
FAIL. CountInRange(0)
Distance: 9.223372036854776E18
Distance: 9.223372036854776E18
Distance: 9.223372036854776E18
Distance: 9.223372036854776E18
Distance: 9.223372036854776E18
Distance: 9.223372036854776E18
Distance: 9.223372036854776E18
Distance: 9.223372036854776E18
Distance: 9.223372036854776E18
Distance: 9.223372036854776E18
Distance: 9.223372036854776E18
Distance: 9.223372036854776E18
Distance: 9.223372036854776E18
Distance: 9.223372036854776E18
Distance: 9.223372036854776E18
Distance: 9.223372036854776E18
Distance: 9.223372036854776E18
Distance: 9.223372036854776E18
Distance: 9.223372036854776E18
Distance: 9.223372036854776E18
Distance: 9.223372036854776E18
Distance: 9.223372036854776E18
Distance: 9.223372036854776E18
Distance: 9.223372036854776E18
Distance: 9.223372036854776E18
Distance: 9.223372036854776E18
Distance: 9.223372036854776E18
Distance: 9.223372036854776E18
Distance: 9.223372036854776E18
Distance: 9.223372036854776E18
Distance: 9.223372036854776E18
Distance: 9.223372036854776E18
Distance: 9.223372036854776E18
Distance: 9.223372036854776E18
Distance: 9.223372036854776E18
Distance: 9.223372036854776E18
Distance: 9.223372036854776E18
Distance: 9.223372036854776E18
Distance: 9.223372036854776E18
Distance: 9.223372036854776E18
Distance: 9.223372036854776E18
Distance: 9.223372036854776E18
Distance: 9.223372036854776E18
Distance: 9.223372036854776E18
Distance: 9.223372036854776E18
Distance: 9.223372036854776E18
FAIL. CountInRange(0)
Distance: 140.94738971214286
Distance: 154.73166737577958
Distance: 149.59482314275155
Distance: 153.2737202958594
Distance: 150.81666574575462
Distance: 145.99029648119313
Distance: 158.89829032014998
Distance: 154.73633488399983
Distance: 161.112796926046
Distance: 157.26145957184383
Distance: 9.223372036854776E18
Distance: 149.89996664442592
Distance: 152.94261814302922
Distance: 153.31394804996273
Distance: 154.74890055254747
Distance: 163.17049706093047
Distance: 159.6219492008122
Distance: 154.38480063356843
Distance: 159.6233413730934
Distance: 152.11015745176257
Distance: 151.5563701509552
Distance: 155.9928773302736
Distance: 163.84036946572925
Distance: 151.72233410630972
Distance: 160.7104020694782
Distance: 160.01128432429732
Distance: 161.93088374708242
Distance: 162.90624433840605
Distance: 155.25534522914896
Distance: 166.5374499090887
Distance: 170.05374967279548
Distance: 170.79601218347514
Distance: 173.62955457589075
Distance: 163.6237214532851
Distance: 166.66566666366666
Distance: 172.61421339700468
Distance: 154.56552008776086
Distance: 159.7190241225718
Distance: 145.26527458412076
Distance: 146.17303292863414
Distance: 154.18747607305136
Distance: 153.04247776352813
Distance: 161.59328231361874
Distance: 158.74735343375718
Distance: 144.48817714032293
Distance: 155.38071523411992
FAIL. CountInRange(0)
Distance: 78.5341397808056
Distance: 100.58274647716124
Distance: 74.71092438340074
Distance: 84.09287193996357
Distance: 81.20823713009524
Distance: 78.33085102449878
Distance: 86.23868685868955
Distance: 78.3631149060435
Distance: 88.57012287824077
Distance: 80.59948993497278
Distance: 9.223372036854776E18
Distance: 75.62333561070213
Distance: 81.83452137630482
Distance: 78.47681894108038
Distance: 75.94588716828436
Distance: 91.33120435474882
Distance: 85.99580093107907
Distance: 77.6122842510557
Distance: 79.20542910684848
Distance: 75.20527463770965
Distance: 72.27954989714127
Distance: 90.50905418182697
Distance: 92.5238707937939
Distance: 76.59924571720302
Distance: 83.28498597519777
Distance: 77.78710261562217
Distance: 86.09587678861283
Distance: 80.8297250053744
Distance: 75.36724900261534
Distance: 91.65484772291704
Distance: 87.69993031797561
Distance: 94.20338517154136
Distance: 96.03182342906499
Distance: 88.42353884697344
Distance: 90.54096678667987
Distance: 98.70213326524971
Distance: 74.72430810801946
Distance: 81.89865010419213
Distance: 69.84983894040128
Distance: 69.1118256483248
Distance: 75.33702055873107
Distance: 78.14232030226786
Distance: 91.35796504836226
Distance: 81.12302043467345
Distance: 65.57819759645731
Distance: 70.20406762511067
FAIL. CountInRange(0)
Distance: 72.89032857656768
Distance: 94.90082542668777
Distance: 74.22638045570831
Distance: 80.69971774699367
Distance: 87.59724754681382
Distance: 80.7981022879457
Distance: 87.98453146876318
Distance: 78.1490740685888
Distance: 85.94927444590662
Distance: 77.00937893818158
Distance: 9.223372036854776E18
Distance: 73.4548236068341
Distance: 78.32872326859982
Distance: 97.23053932678653
Distance: 71.89537150918997
Distance: 104.865522350188
Distance: 85.08623077012325
Distance: 100.56147926075428
Distance: 94.75172235315245
Distance: 76.2299153875957
Distance: 90.47252498840618
Distance: 92.86220376928867
Distance: 81.16615331802072
Distance: 73.54552633875458
Distance: 99.53893710503444
Distance: 96.46300384661009
Distance: 80.61568636989263
Distance: 97.60322171367547
Distance: 78.46619937555562
Distance: 93.01373853122752
Distance: 89.77750274985378
Distance: 89.74284248773145
Distance: 96.62959059096639
Distance: 105.72133181151287
Distance: 86.65288351937414
Distance: 94.53423835956063
Distance: 79.68967589621911
Distance: 83.8954375663209
Distance: 73.32840892556962
Distance: 90.10456888156857
Distance: 79.273436772842
Distance: 77.83779430470922
Distance: 104.09077235225459
Distance: 80.13807528953458
Distance: 82.3744836436354
Distance: 88.95941646491269
FAIL. CountInRange(0)
Distance: 69.62000031919308
Distance: 93.5224274943954
Distance: 63.60686545753795
Distance: 74.8342613157013
Distance: 77.45751523684883
Distance: 74.15262039274886
Distance: 77.70170883291793
Distance: 69.70254259669761
Distance: 78.57056276579247
Distance: 71.8536320894389
Distance: 9.223372036854776E18
Distance: 66.74578638386097
Distance: 70.68474611493865
Distance: 71.21992542665134
Distance: 65.19031966310473
Distance: 81.12918367914499
Distance: 75.14023925670956
Distance: 71.72245890312958
Distance: 67.51172737631096
Distance: 63.42230592535161
Distance: 61.96235416229224
Distance: 82.18001919904593
Distance: 86.8670759775468
Distance: 65.04869970516962
Distance: 69.92734324520941
Distance: 66.39235230389451
Distance: 72.0381843191512
Distance: 69.42221866552843
Distance: 64.18636061414364
Distance: 78.11494379723028
Distance: 74.06416137377106
Distance: 79.55745652601577
Distance: 81.77679649169711
Distance: 74.48601658477024
Distance: 75.84706835321836
Distance: 84.13547276730415
Distance: 64.42523660112636
Distance: 70.47812899521855
Distance: 61.056440191751186
Distance: 60.58786090372303
Distance: 65.19969325081216
Distance: 64.41445662444279
Distance: 78.43574865242677
Distance: 66.41912375212429
Distance: 59.862342085822206
Distance: 60.19643769452734
FAIL. CountInRange(0)
Distance: 105.0846219852257
Distance: 117.63479266120396
Distance: 106.70155679380795
Distance: 107.22613694638284
Distance: 105.65010385439498
Distance: 100.26575797460579
Distance: 119.22178212614226
Distance: 108.57639399673087
Distance: 116.51299402975523
Distance: 111.84016372583788
Distance: 9.223372036854776E18
Distance: 103.01591031378493
Distance: 111.65795985956399
Distance: 106.66874997965536
Distance: 110.53380578909886
Distance: 120.26821876308158
Distance: 117.6964079504742
Distance: 108.77933831589732
Distance: 113.20384759852959
Distance: 110.66566264604795
Distance: 104.7062027240454
Distance: 122.0744308471953
Distance: 117.44904332423393
Distance: 109.00484189042044
Distance: 115.57585291823627
Distance: 109.25403628445243
Distance: 117.44549563284428
Distance: 113.40267486557214
Distance: 105.95937376602832
Distance: 121.75065594165078
Distance: 120.82678143156473
Distance: 126.85380912250483
Distance: 126.17734433020146
Distance: 117.73888246643267
Distance: 121.94967085737554
Distance: 129.59831103151856
Distance: 105.71292362914869
Distance: 108.87862763442399
Distance: 102.01824455567849
Distance: 97.43801448442322
Distance: 108.81508269639015
Distance: 110.74570470727573
Distance: 120.54413668399178
Distance: 114.00682240793994
Distance: 99.96221508372274
Distance: 106.02725016606712
FAIL. CountInRange(0)
Distance: 132.83615638990932
Distance: 135.8113479140172
Distance: 128.50983533480144
Distance: 125.14258534434501
Distance: 139.37180489611234
Distance: 130.40577696814918
Distance: 138.6556486007292
Distance: 131.092206735056
Distance: 117.0700170363398
Distance: 130.47179346084306
Distance: 9.223372036854776E18
Distance: 134.16304342933722
Distance: 130.99936386613996
Distance: 134.73760507824912
Distance: 132.94213444619848
Distance: 131.0975040020044
Distance: 139.8070098385628
Distance: 138.760184811382
Distance: 117.86480013605043
Distance: 122.07829909984459
Distance: 120.95935956620583
Distance: 128.38981441081862
Distance: 144.81424883852648
Distance: 127.71517790249783
Distance: 122.8350293867529
Distance: 121.10463795137385
Distance: 131.92885287996037
Distance: 126.72126016489017
Distance: 132.69702332757885
Distance: 132.96783236724755
Distance: 131.40818509937313
Distance: 131.12674106459838
Distance: 138.36525736052548
Distance: 129.24137624357508
Distance: 131.09983473165275
Distance: 148.1885060770009
Distance: 137.28316235673867
Distance: 132.01052146619898
Distance: 133.7869367481162
Distance: 126.44300428783453
Distance: 136.9718138077239
Distance: 132.24493269014968
Distance: 133.4058136331064
Distance: 131.67637095039743
Distance: 119.93516767172358
Distance: 119.60536963048293
FAIL. CountInRange(0)
Distance: 70.51201631243036
Distance: 91.64363346984642
Distance: 68.89726651568503
Distance: 73.73488545684013
Distance: 76.38426248616634
Distance: 73.59385541983487
Distance: 82.32726023485647
Distance: 69.82597415479907
Distance: 79.8192402313572
Distance: 68.51155620282854
Distance: 9.223372036854776E18
Distance: 63.15589178110517
Distance: 74.41848635326515
Distance: 86.41919796999842
Distance: 64.36355076179893
Distance: 101.80291416915989
Distance: 76.09971528637061
Distance: 90.23918833362316
Distance: 87.68725993869097
Distance: 68.66626213473074
Distance: 85.74380444090407
Distance: 90.33333333333334
Distance: 76.67318812843104
Distance: 72.15877555009432
Distance: 94.34952746746183
Distance: 87.75375902046717
Distance: 75.54064395336387
Distance: 88.16335847605727
Distance: 66.60830779014482
Distance: 86.89425246304333
Distance: 77.61478954139834
Distance: 85.17530941143293
Distance: 86.24512868691323
Distance: 99.02384673512852
Distance: 80.39554990448443
Distance: 83.57897130525386
Distance: 66.2457545809541
Distance: 70.71342792489196
Distance: 65.06919393998976
Distance: 81.2397002018649
Distance: 70.24243731534379
Distance: 72.93680674239707
Distance: 100.52611600972159
Distance: 74.48601658477024
Distance: 76.71556411692336
Distance: 83.25095928709905
FAIL. CountInRange(0)
Distance: 60.392236439978134
Distance: 67.30403653075597
Distance: 52.683541600347596
Distance: 48.316088877768706
Distance: 55.037865753194566
Distance: 47.52893855326458
Distance: 59.535703573570046
Distance: 47.28342439187566
Distance: 53.54385533788583
Distance: 50.77400909914442
Distance: 9.223372036854776E18
Distance: 46.896458051517904
Distance: 59.892032488099424
Distance: 34.708308323320324
Distance: 60.092983506118806
Distance: 55.92653911854173
Distance: 63.05993621591728
Distance: 50.01610851626815
Distance: 43.97979333992172
Distance: 54.464055424962005
Distance: 40.866313212174596
Distance: 66.69207849012756
Distance: 93.62365560524162
Distance: 57.5176301474407
Distance: 51.072932600786146
Distance: 31.598171536410845
Distance: 62.76322348495353
Distance: 37.009758472897694
Distance: 44.591354418641394
Distance: 60.80478782318233
Distance: 57.854222932393725
Distance: 71.28658904575094
Distance: 63.106171559435374
Distance: 59.25837962310104
Distance: 65.83101261732364
Distance: 73.30719231047146
Distance: 51.512673737203315
Distance: 51.37011669140814
Distance: 50.555250304328766
Distance: 27.056525193667344
Distance: 56.585726508055416
Distance: 57.611245044310195
Distance: 54.76414074110094
Distance: 60.91888960832355
Distance: 32.26625344088016
Distance: 41.06093033529562
FAIL. CountInRange(4)
Distance: 65.32185273279109
Distance: 99.21301437927498
Distance: 52.927098709241356
Distance: 73.69871097922949
Distance: 82.09344269387985
Distance: 81.41082374120916
Distance: 55.98809397243907
Distance: 59.62288896798686
Distance: 80.16580041112017
Distance: 72.85792872280804
Distance: 9.223372036854776E18
Distance: 66.16897561042738
Distance: 52.65611708687479
Distance: 60.38165652285838
Distance: 56.608793977221914
Distance: 45.271403777660794
Distance: 55.075201114274456
Distance: 42.66666666666667
Distance: 34.46818178488032
Distance: 53.02253189813638
Distance: 36.68635834869535
Distance: 73.28559051940415
Distance: 93.48677862552427
Distance: 53.65217195562129
Distance: 25.49400801059819
Distance: 50.73077085074809
Distance: 50.7461000143525
Distance: 40.34848200366403
Distance: 59.47361693315038
Distance: 38.485928164287095
Distance: 52.070998539387446
Distance: 46.81820633519021
Distance: 61.109191889054905
Distance: 27.468163389640743
Distance: 45.54850894010327
Distance: 73.78045510537025
Distance: 57.06185727397555
Distance: 66.25749433502263
Distance: 52.21323799787007
Distance: 51.110990338021566
Distance: 48.50658603621666
Distance: 55.674650126127126
Distance: 36.860849450632884
Distance: 48.213068767710695
Distance: 46.24151573832521
Distance: 30.718253711939926
FAIL. CountInRange(4)
Distance: 43.84315479321969
Distance: 82.57959123711433
Distance: 33.522794898065676
Distance: 58.755614388943485
Distance: 69.22467447056401
Distance: 73.20746774293818
Distance: 37.038268498045824
Distance: 40.37945021913994
Distance: 63.36271248402593
Distance: 44.73998956936252
Distance: 9.223372036854776E18
Distance: 42.48333006407729
Distance: 29.45712515202769
Distance: 61.705393245287375
Distance: 27.59327615360106
Distance: 57.030206421197924
Distance: 30.686587732536616
Distance: 60.74765656202533
Distance: 47.3743953347516
Distance: 31.38470965295043
Distance: 57.541772266376675
Distance: 63.428437365795695
Distance: 80.4311299601508
Distance: 31.847727984548257
Distance: 51.56010516324075
Distance: 62.06179715949794
Distance: 23.94205969047405
Distance: 49.70300683951514
Distance: 40.14902793897313
Distance: 30.11459594430729
Distance: 35.660435592777986
Distance: 29.418437151630684
Distance: 40.40695759670879
Distance: 52.496560733907984
Distance: 21.204035255373235
Distance: 38.7377220692068
Distance: 43.34743360338649
Distance: 54.524204614912904
Distance: 34.84489441319441
Distance: 60.06894187329904
Distance: 35.0753157901362
Distance: 30.509561342853385
Distance: 45.816057350137754
Distance: 29.572885479025473
Distance: 54.19102016632153
Distance: 52.329086876548246
Œ . CountInRange(13)
