Thu May 28 19:26:36 AST 2015	Running. Batch: liu.bio. Passwd: liu.bio
238	228	167	644	183	455	488	334	235	656	75	56	52	52	55	63	60	66	63	70	69	
233	209	167	247	197	263	405	302	150	500	103	67	69	72	72	61	52	72	74	70	66	
260	219	165	387	195	279	523	488	189	384	80	67	61	72	58	60	58	56	61	61	63	
647	241	167	269	197	219	416	354	189	414	72	61	69	78	61	58	52	67	61	58	52	
239	227	156	275	164	268	328	345	184	353	75	66	64	78	55	66	33	47	56	58	58	
228	265	159	384	175	225	350	275	167	403	75	69	64	81	58	64	58	73	72	63	55	
272	255	153	294	172	224	274	373	189	370	75	69	66	78	58	61	56	61	74	64	63	
235	216	176	387	216	318	529	310	161	365	63	66	67	78	63	58	66	80	72	64	63	
236	203	162	200	169	203	271	263	139	302	75	72	66	75	55	58	66	64	61	64	61	
318	243	162	162	164	230	329	518	211	293	75	66	70	70	63	58	61	61	60	63	69	
238	192	156	162	180	227	296	889	1047	400	69	66	63	72	69	67	70	70	69	67	61	
531	321	156	326	200	227	348	274	165	315	69	67	53	78	61	58	64	64	75	58	55	
252	228	175	198	213	247	331	293	186	332	75	64	72	75	66	66	66	61	67	59	47	
260	277	164	214	178	210	283	266	167	318	74	63	61	78	66	61	72	66	66	61	55	
266	230	162	273	167	210	335	254	200	318	78	69	70	81	58	60	67	63	72	59	50	
266	230	178	332	189	257	370	318	233	367	75	63	72	75	58	66	66	64	66	58	44	
277	271	203	321	216	249	239	271	195	326	58	75	70	72	58	66	75	69	66	61	63	
250	224	170	214	178	227	277	269	178	869	75	63	67	75	69	66	72	61	69	69	63	
225	225	175	214	175	213	283	279	176	317	83	66	69	78	64	53	75	66	67	47	50	
244	236	170	214	169	236	266	271	197	329	75	61	75	75	69	64	77	72	67	58	64	
258	208	165	420	197	235	285	293	195	318	86	72	67	94	58	58	53	67	67	58	60	
263	238	184	288	175	252	296	260	190	320	69	64	67	83	61	67	75	72	75	49	61	
252	203	184	164	156	222	203	257	186	291	64	58	91	78	47	61	72	58	61	64	60	
238	197	162	178	151	216	213	466	208	288	72	69	72	81	47	49	55	56	69	58	55	

--------------------
Distance: 0.0
Distance: 18.825756051460214
Distance: 18.214629484914788
Distance: 41.09744517606904
Distance: 19.835688681125884
Distance: 18.714360067265797
Distance: 21.33392518118416
Distance: 16.245279034510023
Distance: 25.750551626924597
Distance: 27.202941017470888
Distance: 84.70832308575113
Distance: 34.550358503599824
Distance: 22.413469975968386
Distance: 24.532909251934154
Distance: 21.881914491611145
Distance: 17.641634638753654
Distance: 22.946578275321453
Distance: 22.05056173269227
Distance: 23.806989042563263
Distance: 23.089745854737412
Distance: 19.485425789081905
Distance: 21.489955370316192
Distance: 26.8124801334955
Distance: 27.189570192864895
OK. CountInRange(17)
Distance: 40.26051528370062
Distance: 0.0
Distance: 20.313452774857446
Distance: 38.80721582386451
Distance: 10.366028432072982
Distance: 14.698484770392305
Distance: 14.158197111728082
Distance: 15.56949231378759
Distance: 13.233909612671669
Distance: 23.1182729773343
Distance: 134.4701724276699
Distance: 31.51550844786218
Distance: 10.902460106032782
Distance: 13.872798760687962
Distance: 13.355284960031229
Distance: 15.518317622029194
Distance: 16.934365275165383
Distance: 18.13083761791696
Distance: 12.171128281156337
Distance: 13.482311644251785
Distance: 19.23774698583254
Distance: 12.832841391594387
Distance: 17.498051839613982
Distance: 21.22712672715997
OK. CountInRange(20)
Distance: 26.037560282302668
Distance: 14.564901772286815
Distance: 0.0
Distance: 33.38821240007807
Distance: 12.420657280221818
Distance: 13.701360250985035
Distance: 13.694723602375278
Distance: 9.283416299068902
Distance: 20.07938789360418
Distance: 17.212574684594028
Distance: 99.49143407623319
Distance: 27.700508692408192
Distance: 15.888818252297602
Distance: 18.72285914451782
Distance: 15.65392776735138
Distance: 11.429626574668292
Distance: 17.410811688039235
Distance: 31.9032628710322
Distance: 17.69437506923907
Distance: 17.80321727819288
Distance: 13.749380151317897
Distance: 15.393327952543121
Distance: 22.089693195120333
Distance: 19.38954732464235
OK. CountInRange(19)
Distance: 42.13991845356048
Distance: 15.95732946442993
Distance: 19.288479840191
Distance: 0.0
Distance: 15.694527129486312
Distance: 17.730302771347034
Distance: 14.844650092327417
Distance: 20.49279252455715
Distance: 19.369610687409754
Distance: 18.81005533798829
Distance: 103.30933250107746
Distance: 12.206555615733702
Distance: 16.092064673451492
Distance: 17.005346752766265
Distance: 15.557810081931665
Distance: 15.256891140488854
Distance: 18.07559882071055
Distance: 28.470079988392275
Distance: 17.540861386540236
Distance: 17.49675294551431
Distance: 19.935122043997897
Distance: 16.405376058974195
Distance: 21.468793419964033
Distance: 21.51215301341842
OK. CountInRange(21)
Distance: 38.82009788756334
Distance: 12.212140010512638
Distance: 18.175908130369617
Distance: 37.3472647166855
Distance: 0.0
Distance: 11.279506759041936
Distance: 6.612660034152121
Distance: 17.86820436621227
Distance: 11.712464223288718
Distance: 16.48139446880523
Distance: 105.97512572640464
Distance: 28.755236677232137
Distance: 9.765430679884853
Distance: 10.403233762983158
Distance: 7.982936347439627
Distance: 9.147776679708473
Distance: 13.48399724926484
Distance: 32.257486798345816
Distance: 8.890751067567606
Distance: 8.380171402022318
Distance: 13.29046137785907
Distance: 7.486351217078621
Distance: 14.588289201211424
Distance: 14.703122735725842
OK. CountInRange(19)
Distance: 31.99786924724264
Distance: 11.826395746956734
Distance: 21.004328558223854
Distance: 40.3760730226117
Distance: 10.222524150130436
Distance: 0.0
Distance: 11.29762646029526
Distance: 15.7797338380595
Distance: 13.84820303406645
Distance: 25.28024740960636
Distance: 122.59115346994216
Distance: 29.17735734809069
Distance: 12.908770802689295
Distance: 11.687211347918248
Distance: 9.83731301081384
Distance: 11.301649115384565
Distance: 12.859379314867276
Distance: 26.92075914099141
Distance: 11.899197833925996
Distance: 12.314071773234215
Distance: 9.334686049158998
Distance: 9.85808390012066
Distance: 17.650650258431117
Distance: 22.641474413923746
OK. CountInRange(18)
Distance: 41.46192119392092
Distance: 15.820010343635282
Distance: 22.336272986089035
Distance: 31.540738447572558
Distance: 7.0323925839322605
Distance: 11.210790256793594
Distance: 0.0
Distance: 24.29739978606016
Distance: 12.575228174326048
Distance: 14.48823974501702
Distance: 101.59075655876285
Distance: 23.113357019854835
Distance: 11.560119533826786
Distance: 9.565563234854496
Distance: 9.2072106130319
Distance: 11.102825193288744
Distance: 11.463380431142069
Distance: 29.98408668853288
Distance: 10.040825753800421
Distance: 9.280967817871348
Distance: 11.74734012447073
Distance: 8.860022573334675
Distance: 14.914910172526868
Distance: 13.435028842544403
OK. CountInRange(20)
Distance: 25.976387879624973
Distance: 12.699319953159984
Distance: 13.358688013968491
Distance: 39.19125598210072
Distance: 12.480894490088732
Distance: 11.780183668887648
Distance: 15.853018066544356
Distance: 0.0
Distance: 17.981050631656142
Distance: 24.55698382426992
Distance: 125.00181816859524
Distance: 30.568849266116402
Distance: 14.401704444581929
Distance: 17.449928366615147
Distance: 15.087622862345267
Distance: 13.050600822114735
Distance: 15.768207369145157
Distance: 33.42902930089355
Distance: 16.302537448898168
Distance: 16.80232667871274
Distance: 12.891152709584127
Distance: 13.892443989449804
Distance: 20.90454496036687
Distance: 23.56519004417706
OK. CountInRange(19)
Distance: 64.10325477483396
Distance: 19.668849390943954
Distance: 35.698230157301026
Distance: 41.90302657760697
Distance: 15.388898005321298
Distance: 23.187967098946345
Distance: 17.288987561713697
Distance: 32.01775075854585
Distance: 0.0
Distance: 25.50668361608206
Distance: 148.4327212149421
Distance: 33.406586176980134
Distance: 11.941143542010918
Distance: 9.346851681910671
Distance: 13.536146893679632
Distance: 23.522716293365903
Distance: 19.76567272272356
Distance: 40.50645290904558
Distance: 6.735253251633257
Distance: 10.31547822008708
Distance: 25.617820502000697
Distance: 14.306705357342695
Distance: 10.414151211430793
Distance: 20.279860139377863
OK. CountInRange(15)
Distance: 72.98443171476553
Distance: 23.401631644745706
Distance: 33.48337443622377
Distance: 29.238828480448575
Distance: 18.179658962697843
Distance: 32.749739763018795
Distance: 19.74726678440704
Distance: 36.064966632201646
Distance: 15.659734120580488
Distance: 0.0
Distance: 86.43678720208301
Distance: 29.19838102610236
Distance: 13.505890970576168
Distance: 14.433231856316235
Distance: 18.537431419599738
Distance: 25.078966195889045
Distance: 25.78494980339571
Distance: 44.0892689479383
Distance: 14.566462102439912
Distance: 14.0389069763607
Distance: 35.88935015496177
Distance: 20.41723870565352
Distance: 14.948396083009891
Distance: 10.535653752852738
OK. CountInRange(13)
Distance: 72.78486356129524
Distance: 27.49297430915099
Distance: 39.46920548754664
Distance: 45.79152363007412
Distance: 27.08488340552547
Distance: 38.36132048158547
Distance: 28.462096006635015
Distance: 41.97510084453748
Distance: 24.895235031481974
Distance: 21.906827495305908
Distance: 0.0
Distance: 43.94573099548206
Distance: 24.29739978606016
Distance: 26.5329983228432
Distance: 27.979700433772276
Distance: 31.910385884108756
Distance: 33.6620908981656
Distance: 34.75890991072387
Distance: 24.72668782730697
Distance: 24.61706725018234
Distance: 41.00055431997785
Distance: 29.258254468533398
Distance: 25.197402463529667
Distance: 21.891260190479503
OK. CountInRange(7)
Distance: 41.995670772549445
Distance: 20.162972363851875
Distance: 24.88153751460928
Distance: 13.010485281984192
Distance: 15.875939485443201
Distance: 14.619414240224287
Distance: 15.381511924739682
Distance: 20.541532208054623
Distance: 17.63261440935776
Distance: 24.97362244813151
Distance: 124.94162273201468
Distance: 0.0
Distance: 15.773971656440297
Distance: 14.222261679238196
Distance: 13.90552538970162
Distance: 16.243879966425396
Distance: 14.732462609674409
Distance: 40.463226851954445
Distance: 16.419223766393742
Distance: 16.449647688960063
Distance: 15.563652293959562
Distance: 13.894079838026501
Distance: 20.324637981792172
Distance: 25.387004549572207
OK. CountInRange(20)
Distance: 56.56090844069217
Distance: 13.724563248556814
Distance: 27.97888814478127
Distance: 35.274250201424934
Distance: 10.634420957010734
Distance: 21.343510829885847
Distance: 13.816985594155147
Distance: 24.88793062729585
Distance: 9.546536735191648
Distance: 18.72771402833973
Distance: 107.89641497119524
Distance: 28.76471955206744
Distance: 0.0
Distance: 7.9629825385398725
Distance: 10.258034545041886
Distance: 15.900257287798265
Distance: 15.52271063489059
Distance: 34.802037557904825
Distance: 6.310164959664828
Distance: 6.526171089613655
Distance: 24.21776207662467
Distance: 10.889945320841106
Distance: 11.524677080863558
Distance: 16.95448452340989
OK. CountInRange(18)
Distance: 57.389815377738486
Distance: 17.8300053535912
Distance: 31.92249135868713
Distance: 35.073947855663725
Distance: 12.159919258105145
Distance: 18.6766748062438
Distance: 12.701109471939127
Distance: 28.534667909882405
Distance: 7.154146922017899
Distance: 22.514641700659837
Distance: 123.15806547242079
Distance: 25.639990072328242
Distance: 8.328483437195295
Distance: 0.0
Distance: 8.860022573334675
Distance: 17.678955131609293
Distance: 14.012980994907412
Distance: 37.1807623766524
Distance: 5.0990195135927845
Distance: 5.819247061573891
Distance: 21.709863698747206
Distance: 9.739796525782063
Distance: 10.670690528903759
Distance: 19.296726052976872
OK. CountInRange(17)
Distance: 45.91593108358718
Distance: 16.27463168135108
Distance: 26.117740400661837
Distance: 32.892386518905724
Distance: 10.121983276737097
Distance: 11.868598753165276
Distance: 11.558153359897466
Distance: 20.926277521553875
Distance: 10.052136814899335
Distance: 24.075638384814713
Distance: 105.36796994774593
Distance: 23.802215328524664
Distance: 9.832691299019723
Distance: 7.917184991006474
Distance: 0.0
Distance: 10.403233762983158
Distance: 12.08304597359457
Distance: 37.51423972064717
Distance: 7.388566105199919
Distance: 7.1223081039275975
Distance: 13.029686384281367
Distance: 5.916079783099616
Distance: 12.670653280137318
Distance: 21.12624391173646
OK. CountInRange(19)
Distance: 31.47365420619139
Distance: 12.67244684703428
Distance: 15.415458593125397
Distance: 31.457041414371034
Distance: 7.845091111354574
Distance: 9.52985738708517
Distance: 9.212146132342689
Distance: 13.154674247029249
Distance: 15.406610151608183
Distance: 18.788294228055936
Distance: 84.62322913415032
Distance: 24.162329809399214
Distance: 10.464224768228176
Distance: 13.081909785515402
Distance: 8.644493780856848
Distance: 0.0
Distance: 10.687715973362724
Distance: 31.11708095681096
Distance: 12.081164904699607
Distance: 11.237113831973371
Distance: 9.177541758405283
Distance: 8.06225774829855
Distance: 16.92093915296021
Distance: 18.49078394522771
OK. CountInRange(20)
Distance: 42.429085221428856
Distance: 21.144524328792762
Distance: 31.59976984956464
Distance: 34.128100924711184
Distance: 13.41979541911534
Distance: 14.048616884363966
Distance: 11.499011815250592
Distance: 27.93661657134853
Distance: 14.079320748078462
Distance: 24.804691638331793
Distance: 106.0403010866409
Distance: 22.871180754191705
Distance: 12.513628933722988
Distance: 10.721685756192702
Distance: 12.028375542101193
Distance: 13.898986228564231
Distance: 0.0
Distance: 36.87386361885364
Distance: 11.222947271307365
Distance: 9.995453511926854
Distance: 10.240294740076399
Distance: 7.462025072446365
Distance: 13.957728390328485
Distance: 20.919760123776843
OK. CountInRange(18)
Distance: 51.334022033947605
Distance: 14.881348912465745
Distance: 33.27229259527294
Distance: 38.10809983097127
Distance: 16.28719519354782
Distance: 21.522715273107917
Distance: 17.11193097865293
Distance: 30.263990003122373
Distance: 15.010602313637579
Distance: 26.027083795713473
Distance: 115.74698111123087
Distance: 31.586101661677375
Distance: 14.524274352081948
Distance: 14.480394268866377
Distance: 15.678589918043707
Distance: 20.054471276546238
Distance: 19.041820004687292
Distance: 0.0
Distance: 13.691404071699347
Distance: 13.510938329570397
Distance: 24.776271639688574
Distance: 15.743685602921458
Distance: 16.35681676077147
Distance: 22.505554869853796
OK. CountInRange(17)
Distance: 56.68774117920028
Distance: 16.962525540946807
Distance: 30.67201863706931
Distance: 42.39854199894572
Distance: 10.600171525198842
Distance: 18.974863755649327
Distance: 12.632929552993996
Distance: 27.934989464176216
Distance: 5.660870475947541
Distance: 21.685772461979013
Distance: 115.4416420849631
Distance: 32.90274926341124
Distance: 7.32988899829136
Distance: 6.1533435109407275
Distance: 8.738628975053029
Distance: 16.700571574323167
Distance: 14.775594127417747
Distance: 37.204594046727856
Distance: 0.0
Distance: 4.0620192023179795
Distance: 21.164936698571662
Distance: 9.26135666480496
Distance: 9.087954065184809
Distance: 16.67060559515133
OK. CountInRange(17)
Distance: 54.82285522066007
Distance: 17.444717877288294
Distance: 32.281432884723515
Distance: 38.63406410269192
Distance: 10.394491548192944
Distance: 19.25073788432301
Distance: 12.094326243025169
Distance: 29.069665538933442
Distance: 7.713624310270755
Distance: 21.808046888497582
Distance: 104.29852260785776
Distance: 29.58731300589986
Distance: 8.056617833128918
Distance: 5.842633279298267
Distance: 8.58910514970723
Distance: 15.905973720586866
Distance: 13.619838471876236
Distance: 35.068763619754
Distance: 3.7416573867739413
Distance: 0.0
Distance: 21.04648534683512
Distance: 8.157539736063475
Distance: 8.380171402022318
Distance: 16.87790379056701
OK. CountInRange(17)
Distance: 35.982318890356034
Distance: 18.383540068619684
Distance: 23.406487057301792
Distance: 35.24008564637204
Distance: 10.494587349503727
Distance: 10.557203486461054
Distance: 10.914960542134985
Distance: 20.44838291005828
Distance: 13.589768878896292
Distance: 22.23939992650227
Distance: 103.54094490938004
Distance: 26.28947248684088
Distance: 12.064222086212379
Distance: 13.3960645509995
Distance: 9.821127504240307
Distance: 9.876510241246882
Distance: 10.492421507493352
Distance: 38.50560761995346
Distance: 11.56798088769954
Distance: 11.4713080810738
Distance: 0.0
Distance: 8.482602516595096
Distance: 15.31784461457824
Distance: 19.235384061671343
OK. CountInRange(19)
Distance: 41.646237415991024
Distance: 16.280216661502223
Distance: 26.347330380549337
Distance: 34.034741608592185
Distance: 8.641864276984347
Distance: 11.212817341207014
Distance: 10.793516572461451
Distance: 20.696947513187453
Distance: 10.559356040971439
Distance: 23.9136704912407
Distance: 109.69130238164655
Distance: 23.848003537555773
Distance: 8.865151385673517
Distance: 7.985782821535236
Distance: 5.334280218974763
Distance: 9.765430679884853
Distance: 7.76647808328729
Distance: 37.000614245515635
Distance: 7.388566105199919
Distance: 6.385352556650828
Distance: 10.88577052853862
Distance: 0.0
Distance: 12.301145549020294
Distance: 20.786796508623187
OK. CountInRange(19)
Distance: 77.85797092375087
Distance: 29.484973060249455
Distance: 49.15883347976139
Distance: 44.44813116022274
Distance: 21.954498400100146
Distance: 34.39608857255297
Distance: 22.544904685376856
Distance: 46.90415759823429
Distance: 10.559356040971439
Distance: 26.463525498659127
Distance: 112.28373151813385
Distance: 37.74495751993659
Distance: 16.97324097192133
Distance: 13.877712675037955
Distance: 20.339169554871656
Distance: 30.020447577064413
Distance: 23.699827387173478
Distance: 43.57908172089407
Distance: 11.57976291168818
Distance: 10.647236090349287
Distance: 35.05709628591621
Distance: 19.486592127082478
Distance: 0.0
Distance: 17.743116462960554
OK. CountInRange(12)
Distance: 72.17214269936969
Distance: 28.77577895636284
Distance: 41.4427315702042
Distance: 45.10946282503967
Distance: 18.86434828886586
Distance: 31.778351693623698
Distance: 18.432925087265104
Distance: 43.7170655257397
Distance: 13.47219358530748
Distance: 14.803255170278042
Distance: 88.89728495700683
Distance: 38.75974950664906
Distance: 17.87710572466665
Distance: 15.988632325385547
Distance: 19.855157333228885
Distance: 26.93932576601116
Distance: 24.077526300001683
Distance: 44.81527742755913
Distance: 13.245925617130176
Distance: 12.54265449648446
Distance: 31.53136966145417
Distance: 19.581995441081727
Distance: 10.264679067736914
Distance: 0.0
OK. CountInRange(13)
